
 -----------------------------------------------
              Py_RESP Version 1.0
 -----------------------------------------------
 *Generated by PyRESP GEN v1.0 1st*
 -----------------------------------------------

 ------------------
 Control Parameters
 ------------------
 nmol        = 1   iqopt       = 1
 ihfree      = 1   irstrnt     = 1
 ioutopt     = 1   ireornt     = 0
 iquad       = 1   qwt         = 0.00050000

 --------------------
 Molecule Information
 --------------------
 Single-molecule run

 Molecule 1 weight:     1.000 
 Molecule 1 name: PLP_ideal_opt_esp   
 Total charge (ich): -2
 Number of centers: 24
    1    7    0
    2    6    0
    3    6    0
    4    6    0
    5    8    0
    6    6    0
    7    6    0
    8    8    0
    9    6    0
   10    6    0
   11    6    0
   12    8    0
   13   15    0
   14    8    0
   15    8   14
   16    8   14
   17    1    0
   18    1    0
   19    1    0
   20    1    0
   21    1    0
   22    1    0
   23    1    0
   24    1    0

 -----------------------------
 Atom Ivary Information
 -----------------------------
    7    0
    6    0
    6    0
    6    0
    8    0
    6    0
    6    0
    8    0
    6    0
    6    0
    6    0
    8    0
   15    0
    8    0
    8   14
    8   14
    1    0
    1    0
    1    0
    1    0
    1    0
    1    0
    1    0
    1    0

 -------------------------
 Input Information Summary
 -------------------------
 Total number of atoms      =   24
 Weight factor on initial charge restraints=  0.000500
 There are  1 charge constraints

 --------------------------------------
 Atomic and ESP Coordinates Information
 --------------------------------------
 Reading esp's for molecule   1
 total number of atoms      =    24
 total number of esp points =  7775

 center       X               Y               Z
    1   3.6366643E+00  -3.8981249E+00  -7.7667738E-04
    2   5.6767936E+00  -2.3942961E+00   1.0582466E-04
    3   8.2529134E+00  -3.6124399E+00   1.0128931E-03
    4   5.4374787E+00   2.3415028E-01   2.3243630E-04
    5   7.5695658E+00   1.6754840E+00   1.2113144E-03
    6   2.9982525E+00   1.3523937E+00  -6.0093286E-04
    7   2.7642742E+00   4.0752376E+00  -5.4046163E-04
    8   4.6043230E+00   5.5625899E+00   9.4486299E-05
    9   8.5103054E-01  -2.6692758E-01  -1.4059561E-03
   10   1.3191648E+00  -2.8636114E+00  -1.4796554E-03
   11  -1.8266054E+00   7.1700172E-01  -1.8481520E-03
   12  -3.5727216E+00  -1.2392199E+00  -4.0799184E-03
   13  -6.7579757E+00  -1.4836239E-01   7.8045683E-04
   14  -6.8696604E+00   1.4237781E+00  -2.4417149E+00
   15  -8.2379940E+00  -2.6214638E+00  -1.5117808E-05
   16  -6.8634961E+00   1.4184189E+00   2.4471611E+00
   17   9.3611564E+00  -3.0553071E+00  -1.6582402E+00
   18   9.3588906E+00  -3.0577543E+00   1.6626149E+00
   19   8.0163272E+00  -5.6608726E+00  -5.7069725E-04
   20   6.9743059E+00   3.4516261E+00   9.3541436E-04
   21   8.4316361E-01   4.8558890E+00  -1.1848582E-03
   22  -2.9297556E-01  -4.1234520E+00  -2.1391698E-03
   23  -2.1146298E+00   1.9467636E+00   1.6653229E+00
   24  -2.1131747E+00   1.9496473E+00  -1.6671295E+00


 ------------------------
 Optimization Information
 ------------------------
 iqopt=1, all q0 values will be set to 0

 Number of unique UNfrozen charge centers =    22

 Non-linear optimization requested.
  qchnge =    1.1261787803E-01
  qchnge =    1.7836564863E-03
  qchnge =    2.1456753981E-04
  qchnge =    4.0316967058E-05
  qchnge =    8.2563334475E-06
  qchnge =    1.7122302392E-06
  qchnge =    3.5579368623E-07

 Convergence in    6 iterations

 -----------------------
 Fitting Results Summary
 -----------------------
 molecule 1: PLP_ideal_opt_esp   

          Point Charges Before & After Optimization
 atm.no   element.no   q(init)        q(opt)     ivary    d(rstr)/dq
    1         7        0.000000     -0.702610      0       0.000705
    2         6        0.000000      0.533674      0       0.000921
    3         6        0.000000     -0.294068      0       0.001610
    4         6        0.000000      0.141168      0       0.002890
    5         8        0.000000     -0.637097      0       0.000775
    6         6        0.000000     -0.235175      0       0.001957
    7         6        0.000000      0.535523      0       0.000918
    8         8        0.000000     -0.567093      0       0.000868
    9         6        0.000000     -0.096011      0       0.003607
   10         6        0.000000      0.297351      0       0.001594
   11         6        0.000000      0.138826      0       0.002922
   12         8        0.000000     -0.511683      0       0.000959
   13        15        0.000000      1.403182      0       0.000355
   14         8        0.000000     -0.946926      0       0.000525
   15         8        0.000000     -0.946926     14       0.000525
   16         8        0.000000     -0.946926     14       0.000525
   17         1        0.000000      0.061625      0       0.000000
   18         1        0.000000      0.061736      0       0.000000
   19         1        0.000000      0.055760      0       0.000000
   20         1        0.000000      0.469863      0       0.000000
   21         1        0.000000      0.008861      0       0.000000
   22         1        0.000000      0.081582      0       0.000000
   23         1        0.000000      0.047861      0       0.000000
   24         1        0.000000      0.047503      0       0.000000

 Sum over the calculated charges:     -2.000

 --------------------------
 Fitting Statistics Summary
 --------------------------
 The initial sum of squares  (ssvpot = sum_i(espi**2))          3.6817989E+02
 The residual sum of squares (RSS = sum_i((espi-espclci)**2))   4.4685823E-02
 The root-mean-squared error (RMSE = sqrt(RSS/N))               2.3973679E-03
 The relative RMSE           (RRMSE = sqrt(RSS/ssvpot))         1.1016784E-02

 ---------------------------
 Molecular Multipole Summary
 ---------------------------
 Dipole Moments (Debye):
 #MOL         D          Dx         Dy         Dz
   1       25.51358   25.48051    1.29856   -0.00501

 Traceless Quadrupole Moments (Debye*Angst.):
 #MOL          X          Y          Z
   1    X  -86.39487
        Y   -6.71091   36.67643
        Z    0.00726    0.00143   49.71845

 Traceless Quadrupole Moments in Principal Axes (Debye*Angst.):
 #MOL          X          Y          Z
   1    X   49.71845
        Y    0.00000   37.04128
        Z    0.00000    0.00000  -86.75973