
 -----------------------------------------------
              Py_RESP Version 1.0
 -----------------------------------------------
 *Generated by PyRESP GEN v1.0 2nd*
 -----------------------------------------------

 ------------------
 Control Parameters
 ------------------
 nmol        = 1   iqopt       = 2
 ihfree      = 1   irstrnt     = 1
 ioutopt     = 1   ireornt     = 0
 iquad       = 1   qwt         = 0.00100000

 --------------------
 Molecule Information
 --------------------
 Single-molecule run

 Molecule 1 weight:     1.000 
 Molecule 1 name: PLP_ideal_opt_esp   
 Total charge (ich): -2
 Number of centers: 24
    1    7   -1
    2    6   -1
    3    6    0
    4    6   -1
    5    8   -1
    6    6   -1
    7    6   -1
    8    8   -1
    9    6   -1
   10    6   -1
   11    6    0
   12    8   -1
   13   15   -1
   14    8   -1
   15    8   -1
   16    8   -1
   17    1    0
   18    1   17
   19    1   17
   20    1   -1
   21    1   -1
   22    1   -1
   23    1    0
   24    1   23

 -----------------------------
 Atom Ivary Information
 -----------------------------
    7   -1
    6   -1
    6    0
    6   -1
    8   -1
    6   -1
    6   -1
    8   -1
    6   -1
    6   -1
    6    0
    8   -1
   15   -1
    8   -1
    8   -1
    8   -1
    1    0
    1   17
    1   17
    1   -1
    1   -1
    1   -1
    1    0
    1   23

 -------------------------
 Input Information Summary
 -------------------------
 Total number of atoms      =   24
 Weight factor on initial charge restraints=  0.001000
 There are  1 charge constraints

 --------------------------------------
 Atomic and ESP Coordinates Information
 --------------------------------------
 Reading esp's for molecule   1
 total number of atoms      =    24
 total number of esp points =  7775

 center       X               Y               Z
    1   3.6366643E+00  -3.8981249E+00  -7.7667738E-04
    2   5.6767936E+00  -2.3942961E+00   1.0582466E-04
    3   8.2529134E+00  -3.6124399E+00   1.0128931E-03
    4   5.4374787E+00   2.3415028E-01   2.3243630E-04
    5   7.5695658E+00   1.6754840E+00   1.2113144E-03
    6   2.9982525E+00   1.3523937E+00  -6.0093286E-04
    7   2.7642742E+00   4.0752376E+00  -5.4046163E-04
    8   4.6043230E+00   5.5625899E+00   9.4486299E-05
    9   8.5103054E-01  -2.6692758E-01  -1.4059561E-03
   10   1.3191648E+00  -2.8636114E+00  -1.4796554E-03
   11  -1.8266054E+00   7.1700172E-01  -1.8481520E-03
   12  -3.5727216E+00  -1.2392199E+00  -4.0799184E-03
   13  -6.7579757E+00  -1.4836239E-01   7.8045683E-04
   14  -6.8696604E+00   1.4237781E+00  -2.4417149E+00
   15  -8.2379940E+00  -2.6214638E+00  -1.5117808E-05
   16  -6.8634961E+00   1.4184189E+00   2.4471611E+00
   17   9.3611564E+00  -3.0553071E+00  -1.6582402E+00
   18   9.3588906E+00  -3.0577543E+00   1.6626149E+00
   19   8.0163272E+00  -5.6608726E+00  -5.7069725E-04
   20   6.9743059E+00   3.4516261E+00   9.3541436E-04
   21   8.4316361E-01   4.8558890E+00  -1.1848582E-03
   22  -2.9297556E-01  -4.1234520E+00  -2.1391698E-03
   23  -2.1146298E+00   1.9467636E+00   1.6653229E+00
   24  -2.1131747E+00   1.9496473E+00  -1.6671295E+00


 ------------------------
 Optimization Information
 ------------------------
 Since iqopt>1,   24 new q0 values will be read from file
 1st.chg

 Number of unique UNfrozen charge centers =     4

 Non-linear optimization requested.
  qchnge =    1.1208499515E-01
  qchnge =    2.6154142513E-04
  qchnge =    3.8026957121E-06
  qchnge =    5.6029060904E-08

 Convergence in    3 iterations

 -----------------------
 Fitting Results Summary
 -----------------------
 molecule 1: PLP_ideal_opt_esp   

          Point Charges Before & After Optimization
 atm.no   element.no   q(init)        q(opt)     ivary    d(rstr)/dq
    1         7       -0.702610     -0.702610     -1       0.001409
    2         6        0.533674      0.533674     -1       0.001842
    3         6       -0.294068     -0.291136      0       0.003249
    4         6        0.141168      0.141168     -1       0.005780
    5         8       -0.637097     -0.637097     -1       0.001551
    6         6       -0.235175     -0.235175     -1       0.003913
    7         6        0.535523      0.535523     -1       0.001836
    8         8       -0.567093     -0.567093     -1       0.001737
    9         6       -0.096011     -0.096011     -1       0.007213
   10         6        0.297351      0.297351     -1       0.003188
   11         6        0.138826      0.135705      0       0.005932
   12         8       -0.511683     -0.511683     -1       0.001918
   13        15        1.403182      1.403182     -1       0.000711
   14         8       -0.946926     -0.946926     -1       0.001050
   15         8       -0.946926     -0.946926     -1       0.001050
   16         8       -0.946926     -0.946926     -1       0.001050
   17         1        0.061625      0.058859      0       0.000000
   18         1        0.061736      0.058859     17       0.000000
   19         1        0.055760      0.058859     17       0.000000
   20         1        0.469863      0.469863     -1       0.000000
   21         1        0.008861      0.008861     -1       0.000000
   22         1        0.081582      0.081582     -1       0.000000
   23         1        0.047861      0.049048      0       0.000000
   24         1        0.047503      0.049048     23       0.000000

 Sum over the calculated charges:     -2.000

 --------------------------
 Fitting Statistics Summary
 --------------------------
 The initial sum of squares  (ssvpot = sum_i(espi**2))          3.6817989E+02
 The residual sum of squares (RSS = sum_i((espi-espclci)**2))   4.4822575E-02
 The root-mean-squared error (RMSE = sqrt(RSS/N))               2.4010334E-03
 The relative RMSE           (RRMSE = sqrt(RSS/ssvpot))         1.1033629E-02

 ---------------------------
 Molecular Multipole Summary
 ---------------------------
 Dipole Moments (Debye):
 #MOL         D          Dx         Dy         Dz
   1       25.50282   25.47074    1.27872   -0.00701

 Traceless Quadrupole Moments (Debye*Angst.):
 #MOL          X          Y          Z
   1    X  -86.51728
        Y   -6.81018   36.80597
        Z    0.00651    0.00068   49.71131

 Traceless Quadrupole Moments in Principal Axes (Debye*Angst.):
 #MOL          X          Y          Z
   1    X   49.71131
        Y    0.00000   37.18090
        Z    0.00000    0.00000  -86.89221