
 -----------------------------------------------
              Py_RESP Version 1.0
 -----------------------------------------------
 *Generated by PyRESP GEN v1.0 2nd*
 -----------------------------------------------

 ------------------
 Control Parameters
 ------------------
 nmol        = 1   iqopt       = 2
 ihfree      = 1   irstrnt     = 1
 ioutopt     = 1   ireornt     = 0
 iquad       = 1   qwt         = 0.00100000
 ipol        = 5   igdm        = 1
 exc12       = 0   exc13       = 0

 --------------------
 Molecule Information
 --------------------
 Single-molecule run

 Molecule 1 weight:     1.000 
 Molecule 1 name: PLP_ideal_opt_esp   
 Total charge (ich): -2
 Number of centers: 24
    1    7   -1
    2    6   -1
    3    6    0
    4    6   -1
    5    8   -1
    6    6   -1
    7    6   -1
    8    8   -1
    9    6   -1
   10    6   -1
   11    6    0
   12    8   -1
   13   15   -1
   14    8   -1
   15    8   -1
   16    8   -1
   17    1    0
   18    1   17
   19    1   17
   20    1   -1
   21    1   -1
   22    1   -1
   23    1    0
   24    1   23

 -----------------------------
 Atom Ivary Information
 -----------------------------
    7   -1
    6   -1
    6    0
    6   -1
    8   -1
    6   -1
    6   -1
    8   -1
    6   -1
    6   -1
    6    0
    8   -1
   15   -1
    8   -1
    8   -1
    8   -1
    1    0
    1   17
    1   17
    1   -1
    1   -1
    1   -1
    1    0
    1   23

 -------------------------
 Input Information Summary
 -------------------------
 Total number of atoms      =   24
 Weight factor on initial charge restraints=  0.001000
 There are  1 charge constraints

 Read polarizability and radii information from:
 /home/shijiz/amber_bin/AmberTools/examples/PyRESP/polarizability/pGM-pol-2016-09-01
 Assume the units are in a.u.

 --------------------------------------
 Atomic and ESP Coordinates Information
 --------------------------------------
 Reading esp's for molecule   1
 total number of atoms      =    24
 total number of esp points =  7775

 center       X               Y               Z
    1   3.6366643E+00  -3.8981249E+00  -7.7667738E-04
    2   5.6767936E+00  -2.3942961E+00   1.0582466E-04
    3   8.2529134E+00  -3.6124399E+00   1.0128931E-03
    4   5.4374787E+00   2.3415028E-01   2.3243630E-04
    5   7.5695658E+00   1.6754840E+00   1.2113144E-03
    6   2.9982525E+00   1.3523937E+00  -6.0093286E-04
    7   2.7642742E+00   4.0752376E+00  -5.4046163E-04
    8   4.6043230E+00   5.5625899E+00   9.4486299E-05
    9   8.5103054E-01  -2.6692758E-01  -1.4059561E-03
   10   1.3191648E+00  -2.8636114E+00  -1.4796554E-03
   11  -1.8266054E+00   7.1700172E-01  -1.8481520E-03
   12  -3.5727216E+00  -1.2392199E+00  -4.0799184E-03
   13  -6.7579757E+00  -1.4836239E-01   7.8045683E-04
   14  -6.8696604E+00   1.4237781E+00  -2.4417149E+00
   15  -8.2379940E+00  -2.6214638E+00  -1.5117808E-05
   16  -6.8634961E+00   1.4184189E+00   2.4471611E+00
   17   9.3611564E+00  -3.0553071E+00  -1.6582402E+00
   18   9.3588906E+00  -3.0577543E+00   1.6626149E+00
   19   8.0163272E+00  -5.6608726E+00  -5.7069725E-04
   20   6.9743059E+00   3.4516261E+00   9.3541436E-04
   21   8.4316361E-01   4.8558890E+00  -1.1848582E-03
   22  -2.9297556E-01  -4.1234520E+00  -2.1391698E-03
   23  -2.1146298E+00   1.9467636E+00   1.6653229E+00
   24  -2.1131747E+00   1.9496473E+00  -1.6671295E+00


 ------------------------
 Optimization Information
 ------------------------
 Since iqopt>1,   24 new q0 values will be read from file
 1st.chg

 Number of unique UNfrozen charge centers =     4

 Non-linear optimization requested.
  qchnge =    1.4499381290E-01
  qchnge =    6.4301754020E-04
  qchnge =    2.8665849688E-05
  qchnge =    1.4621426754E-06
  qchnge =    7.5991195805E-08

 Convergence in    4 iterations

 -----------------------
 Fitting Results Summary
 -----------------------
 molecule 1: PLP_ideal_opt_esp   

          Point Charges Before & After Optimization
 atm.no   element.no   q(init)        q(opt)     ivary    d(rstr)/dq
    1         7       -2.251000     -2.251000     -1       0.000444
    2         6        0.760465      0.760465     -1       0.001304
    3         6       -0.351276     -0.325400      0       0.002938
    4         6        0.657644      0.657644     -1       0.001503
    5         8       -0.733942     -0.733942     -1       0.001350
    6         6       -0.110815     -0.110815     -1       0.006700
    7         6        1.029632      1.029632     -1       0.000967
    8         8       -1.004156     -1.004156     -1       0.000991
    9         6        0.059845      0.059845     -1       0.008581
   10         6        0.725398      0.725398     -1       0.001366
   11         6       -0.127474     -0.146626      0       0.005634
   12         8       -0.322344     -0.322344     -1       0.002963
   13        15        0.596372      0.596372     -1       0.001654
   14         8       -0.785676     -0.785676     -1       0.001263
   15         8       -0.785676     -0.785676     -1       0.001263
   16         8       -0.785676     -0.785676     -1       0.001263
   17         1        0.193440      0.146499      0       0.000000
   18         1        0.193380      0.146499     17       0.000000
   19         1        0.074335      0.146499     17       0.000000
   20         1        0.557818      0.557818     -1       0.000000
   21         1        0.038688      0.038688     -1       0.000000
   22         1        0.084688      0.084688     -1       0.000000
   23         1        0.143206      0.150631      0       0.000000
   24         1        0.143124      0.150631     23       0.000000

 Sum over the calculated charges:     -2.000

 --------------------------
 Fitting Statistics Summary
 --------------------------
 The initial sum of squares  (ssvpot = sum_i(espi**2))          3.6817989E+02
 The residual sum of squares (RSS = sum_i((espi-espclci)**2))   7.1133121E-02
 The root-mean-squared error (RMSE = sqrt(RSS/N))               3.0247239E-03
 The relative RMSE           (RRMSE = sqrt(RSS/ssvpot))         1.3899715E-02

 ---------------------------
 Molecular Multipole Summary
 ---------------------------
 Dipole Moments (Debye):
 #MOL         D          Dx         Dy         Dz
   1       25.22534   25.19920    1.14807   -0.00537

 Traceless Quadrupole Moments (Debye*Angst.):
 #MOL          X          Y          Z
   1    X  -87.68690
        Y   -7.24274   38.13491
        Z    0.00559    0.00175   49.55199

 Traceless Quadrupole Moments in Principal Axes (Debye*Angst.):
 #MOL          X          Y          Z
   1    X   49.55199
        Y    0.00000   38.55046
        Z    0.00000    0.00000  -88.10245