
 -----------------------------------------------
              Py_RESP Version 1.0
 -----------------------------------------------
 *Generated by PyRESP GEN v1.0 1st*
 -----------------------------------------------

 ------------------
 Control Parameters
 ------------------
 nmol        = 1   iqopt       = 1
 ihfree      = 1   irstrnt     = 1
 ioutopt     = 1   ireornt     = 0
 iquad       = 1   qwt         = 0.00050000
 ipol        = 5   igdm        = 1
 exc12       = 0   exc13       = 0
 ipermdip    = 1   pwt         = 0.00050000
 virtual     = 0

 --------------------
 Molecule Information
 --------------------
 Single-molecule run

 Molecule 1 weight:     1.000 
 Molecule 1 name: PLP_ideal_opt_esp   
 Total charge (ich): -2
 Number of centers: 24
 Number of permanent dipoles: 48
    1    7    0    0    0
    2    6    0    0    0    0
    3    6    0    0    0    7    7
    4    6    0    0    0    0
    5    8    0    0    0
    6    6    0    0    0    0
    7    6    0    0    0    0
    8    8    0    0
    9    6    0    0    0    0
   10    6    0    0    0    0
   11    6    0    0    0    0   30
   12    8    0    0    0
   13   15    0    0    0   35   35
   14    8    0    0
   15    8   14   38
   16    8   14   38
   17    1    0    0
   18    1    0   41
   19    1    0   41
   20    1    0    0
   21    1    0    0
   22    1    0    0
   23    1    0    0
   24    1    0   47

 -----------------------------
 Atom/Dipole Ivary Information
 -----------------------------
    7    0    0    0
    6    0    0    0    0
    6    0    0    0    7    7
    6    0    0    0    0
    8    0    0    0
    6    0    0    0    0
    6    0    0    0    0
    8    0    0
    6    0    0    0    0
    6    0    0    0    0
    6    0    0    0    0   30
    8    0    0    0
   15    0    0    0   35   35
    8    0    0
    8   14   38
    8   14   38
    1    0    0
    1    0   41
    1    0   41
    1    0    0
    1    0    0
    1    0    0
    1    0    0
    1    0   47

 -------------------------
 Input Information Summary
 -------------------------
 Total number of atoms      =   24
 Total number of permanent dipoles      =   48
 Weight factor on initial charge restraints=  0.000500
 Weight factor on initial dipole restraints=  0.000500
 There are  1 charge constraints

 Read polarizability and radii information from:
 /home/shijiz/amber_bin/AmberTools/examples/PyRESP/polarizability/pGM-pol-2016-09-01
 Assume the units are in a.u.

 --------------------------------------
 Atomic and ESP Coordinates Information
 --------------------------------------
 Reading esp's for molecule   1
 total number of atoms      =    24
 total number of esp points =  7775

 center       X               Y               Z
    1   3.6366643E+00  -3.8981249E+00  -7.7667738E-04
    2   5.6767936E+00  -2.3942961E+00   1.0582466E-04
    3   8.2529134E+00  -3.6124399E+00   1.0128931E-03
    4   5.4374787E+00   2.3415028E-01   2.3243630E-04
    5   7.5695658E+00   1.6754840E+00   1.2113144E-03
    6   2.9982525E+00   1.3523937E+00  -6.0093286E-04
    7   2.7642742E+00   4.0752376E+00  -5.4046163E-04
    8   4.6043230E+00   5.5625899E+00   9.4486299E-05
    9   8.5103054E-01  -2.6692758E-01  -1.4059561E-03
   10   1.3191648E+00  -2.8636114E+00  -1.4796554E-03
   11  -1.8266054E+00   7.1700172E-01  -1.8481520E-03
   12  -3.5727216E+00  -1.2392199E+00  -4.0799184E-03
   13  -6.7579757E+00  -1.4836239E-01   7.8045683E-04
   14  -6.8696604E+00   1.4237781E+00  -2.4417149E+00
   15  -8.2379940E+00  -2.6214638E+00  -1.5117808E-05
   16  -6.8634961E+00   1.4184189E+00   2.4471611E+00
   17   9.3611564E+00  -3.0553071E+00  -1.6582402E+00
   18   9.3588906E+00  -3.0577543E+00   1.6626149E+00
   19   8.0163272E+00  -5.6608726E+00  -5.7069725E-04
   20   6.9743059E+00   3.4516261E+00   9.3541436E-04
   21   8.4316361E-01   4.8558890E+00  -1.1848582E-03
   22  -2.9297556E-01  -4.1234520E+00  -2.1391698E-03
   23  -2.1146298E+00   1.9467636E+00   1.6653229E+00
   24  -2.1131747E+00   1.9496473E+00  -1.6671295E+00


 ------------------------
 Optimization Information
 ------------------------
 iqopt=1, all q0 and p0 values will be set to 0

 Number of unique UNfrozen charge centers =    22
 Number of unique UNfrozen permanent dipoles =    38

 Non-linear optimization requested.
  qchnge =    1.1135395551E-01
  qchnge =    1.2114009615E-02
  qchnge =    3.8102863423E-03
  qchnge =    1.4331368526E-03
  qchnge =    6.4955441574E-04
  qchnge =    3.3206804977E-04
  qchnge =    1.8083181785E-04
  qchnge =    1.0189345947E-04
  qchnge =    5.8549024948E-05
  qchnge =    3.4031081725E-05
  qchnge =    1.9914201517E-05
  qchnge =    1.1700443664E-05
  qchnge =    6.8920993311E-06
  qchnge =    4.0672126836E-06
  qchnge =    2.4039678964E-06
  qchnge =    1.4232037937E-06
  qchnge =    8.4415633237E-07

 Convergence in   16 iterations

 -----------------------
 Fitting Results Summary
 -----------------------
 molecule 1: PLP_ideal_opt_esp   

          Point Charges Before & After Optimization
 atm.no   element.no   q(init)        q(opt)     ivary    d(rstr)/dq
    1         7        0.000000     -0.199975      0       0.002236
    2         6        0.000000      0.250888      0       0.001851
    3         6        0.000000     -1.134898      0       0.000439
    4         6        0.000000      0.177097      0       0.002458
    5         8        0.000000     -0.614047      0       0.000804
    6         6        0.000000     -0.028351      0       0.004810
    7         6        0.000000      0.912221      0       0.000545
    8         8        0.000000     -0.562399      0       0.000875
    9         6        0.000000      0.343954      0       0.001396
   10         6        0.000000     -0.155738      0       0.002702
   11         6        0.000000     -0.870881      0       0.000570
   12         8        0.000000     -0.013376      0       0.004956
   13        15        0.000000     -0.774123      0       0.000641
   14         8        0.000000     -0.410781      0       0.001183
   15         8        0.000000     -0.410781     14       0.001183
   16         8        0.000000     -0.410781     14       0.001183
   17         1        0.000000      0.298370      0       0.000000
   18         1        0.000000      0.298374      0       0.000000
   19         1        0.000000      0.289979      0       0.000000
   20         1        0.000000      0.438332      0       0.000000
   21         1        0.000000     -0.054387      0       0.000000
   22         1        0.000000     -0.141181      0       0.000000
   23         1        0.000000      0.386210      0       0.000000
   24         1        0.000000      0.386275      0       0.000000

 Sum over the calculated charges:     -2.000

       Permanent Dipoles Before & After Optimization
 dip.no   element.no   p(init)        p(opt)     ivary    d(rstr)/dp
    1         7        0.000000      0.605497      0       0.000815
    2         7        0.000000      0.455012      0       0.001073
    3         6        0.000000     -0.143528      0       0.002858
    4         6        0.000000      0.366857      0       0.001315
    5         6        0.000000     -0.013575      0       0.004955
    6         6        0.000000     -0.046110      0       0.004541
    7         6        0.000000      0.014668      0       0.004947
    8         6        0.000000      0.014668      7       0.004947
    9         6        0.000000      0.014668      7       0.004947
   10         6        0.000000     -0.008763      0       0.004981
   11         6        0.000000      0.103647      0       0.003472
   12         6        0.000000     -0.080626      0       0.003892
   13         8        0.000000      0.031883      0       0.004764
   14         8        0.000000     -0.028115      0       0.004813
   15         6        0.000000      0.066902      0       0.004156
   16         6        0.000000     -0.069034      0       0.004115
   17         6        0.000000      0.003334      0       0.004997
   18         6        0.000000      0.145258      0       0.002835
   19         6        0.000000     -0.317701      0       0.001501
   20         6        0.000000      0.015746      0       0.004939
   21         8        0.000000      0.257983      0       0.001807
   22         6        0.000000     -0.254643      0       0.001828
   23         6        0.000000      0.036919      0       0.004691
   24         6        0.000000      0.069973      0       0.004097
   25         6        0.000000     -0.008618      0       0.004982
   26         6        0.000000     -0.097888      0       0.003573
   27         6        0.000000      0.154693      0       0.002714
   28         6        0.000000      0.174502      0       0.002486
   29         6        0.000000     -0.053633      0       0.004406
   30         6        0.000000     -0.020902      0       0.004894
   31         6        0.000000     -0.020902     30       0.004894
   32         8        0.000000      0.142315      0       0.002875
   33         8        0.000000      0.447227      0       0.001091
   34        15        0.000000     -0.062644      0       0.004237
   35        15        0.000000      0.005434      0       0.004993
   36        15        0.000000      0.005434     35       0.004993
   37        15        0.000000      0.005434     35       0.004993
   38         8        0.000000      0.312799      0       0.001523
   39         8        0.000000      0.312799     38       0.001523
   40         8        0.000000      0.312799     38       0.001523
   41         1        0.000000      0.095344      0       0.000000
   42         1        0.000000      0.095344     41       0.000000
   43         1        0.000000      0.095344     41       0.000000
   44         1        0.000000     -0.266160      0       0.000000
   45         1        0.000000     -0.139913      0       0.000000
   46         1        0.000000     -0.188127      0       0.000000
   47         1        0.000000      0.160594      0       0.000000
   48         1        0.000000      0.160594     47       0.000000

 --------------------------
 Fitting Statistics Summary
 --------------------------
 The initial sum of squares  (ssvpot = sum_i(espi**2))          3.6817989E+02
 The residual sum of squares (RSS = sum_i((espi-espclci)**2))   3.0425952E-02
 The root-mean-squared error (RMSE = sqrt(RSS/N))               1.9782077E-03
 The relative RMSE           (RRMSE = sqrt(RSS/ssvpot))         9.0905898E-03

 ---------------------------
 Molecular Multipole Summary
 ---------------------------
 Dipole Moments (Debye):
 #MOL         D          Dx         Dy         Dz
   1       25.35812   25.32242    1.34519   -0.00472

 Traceless Quadrupole Moments (Debye*Angst.):
 #MOL          X          Y          Z
   1    X  -86.70045
        Y   -6.01449   36.97648
        Z    0.00469    0.00061   49.72397

 Traceless Quadrupole Moments in Principal Axes (Debye*Angst.):
 #MOL          X          Y          Z
   1    X   49.72397
        Y    0.00000   37.26828
        Z    0.00000    0.00000  -86.99225