
 -----------------------------------------------
              Py_RESP Version 1.0
 -----------------------------------------------
 *Generated by PyRESP GEN v1.0 2nd*
 -----------------------------------------------

 ------------------
 Control Parameters
 ------------------
 nmol        = 1   iqopt       = 2
 ihfree      = 1   irstrnt     = 1
 ioutopt     = 1   ireornt     = 0
 iquad       = 1   qwt         = 0.00100000
 ipol        = 5   igdm        = 1
 exc12       = 0   exc13       = 0
 ipermdip    = 1   pwt         = 0.00100000
 virtual     = 0

 --------------------
 Molecule Information
 --------------------
 Single-molecule run

 Molecule 1 weight:     1.000 
 Molecule 1 name: PLP_ideal_opt_esp   
 Total charge (ich): -2
 Number of centers: 24
 Number of permanent dipoles: 48
    1    7   -1   -1   -1
    2    6   -1   -1   -1   -1
    3    6    0   -1    0    7    7
    4    6   -1   -1   -1   -1
    5    8   -1   -1   -1
    6    6   -1   -1   -1   -1
    7    6   -1   -1   -1   -1
    8    8   -1   -1
    9    6   -1   -1   -1   -1
   10    6   -1   -1   -1   -1
   11    6    0   -1   -1    0   30
   12    8   -1   -1   -1
   13   15   -1   -1   -1   -1   -1
   14    8   -1   -1
   15    8   -1   -1
   16    8   -1   -1
   17    1    0    0
   18    1   17   41
   19    1   17   41
   20    1   -1   -1
   21    1   -1   -1
   22    1   -1   -1
   23    1    0    0
   24    1   23   47

 -----------------------------
 Atom/Dipole Ivary Information
 -----------------------------
    7   -1   -1   -1
    6   -1   -1   -1   -1
    6    0   -1    0    7    7
    6   -1   -1   -1   -1
    8   -1   -1   -1
    6   -1   -1   -1   -1
    6   -1   -1   -1   -1
    8   -1   -1
    6   -1   -1   -1   -1
    6   -1   -1   -1   -1
    6    0   -1   -1    0   30
    8   -1   -1   -1
   15   -1   -1   -1   -1   -1
    8   -1   -1
    8   -1   -1
    8   -1   -1
    1    0    0
    1   17   41
    1   17   41
    1   -1   -1
    1   -1   -1
    1   -1   -1
    1    0    0
    1   23   47

 -------------------------
 Input Information Summary
 -------------------------
 Total number of atoms      =   24
 Total number of permanent dipoles      =   48
 Weight factor on initial charge restraints=  0.001000
 Weight factor on initial dipole restraints=  0.001000
 There are  1 charge constraints

 Read polarizability and radii information from:
 /home/shijiz/amber_bin/AmberTools/examples/PyRESP/polarizability/pGM-pol-2016-09-01
 Assume the units are in a.u.

 --------------------------------------
 Atomic and ESP Coordinates Information
 --------------------------------------
 Reading esp's for molecule   1
 total number of atoms      =    24
 total number of esp points =  7775

 center       X               Y               Z
    1   3.6366643E+00  -3.8981249E+00  -7.7667738E-04
    2   5.6767936E+00  -2.3942961E+00   1.0582466E-04
    3   8.2529134E+00  -3.6124399E+00   1.0128931E-03
    4   5.4374787E+00   2.3415028E-01   2.3243630E-04
    5   7.5695658E+00   1.6754840E+00   1.2113144E-03
    6   2.9982525E+00   1.3523937E+00  -6.0093286E-04
    7   2.7642742E+00   4.0752376E+00  -5.4046163E-04
    8   4.6043230E+00   5.5625899E+00   9.4486299E-05
    9   8.5103054E-01  -2.6692758E-01  -1.4059561E-03
   10   1.3191648E+00  -2.8636114E+00  -1.4796554E-03
   11  -1.8266054E+00   7.1700172E-01  -1.8481520E-03
   12  -3.5727216E+00  -1.2392199E+00  -4.0799184E-03
   13  -6.7579757E+00  -1.4836239E-01   7.8045683E-04
   14  -6.8696604E+00   1.4237781E+00  -2.4417149E+00
   15  -8.2379940E+00  -2.6214638E+00  -1.5117808E-05
   16  -6.8634961E+00   1.4184189E+00   2.4471611E+00
   17   9.3611564E+00  -3.0553071E+00  -1.6582402E+00
   18   9.3588906E+00  -3.0577543E+00   1.6626149E+00
   19   8.0163272E+00  -5.6608726E+00  -5.7069725E-04
   20   6.9743059E+00   3.4516261E+00   9.3541436E-04
   21   8.4316361E-01   4.8558890E+00  -1.1848582E-03
   22  -2.9297556E-01  -4.1234520E+00  -2.1391698E-03
   23  -2.1146298E+00   1.9467636E+00   1.6653229E+00
   24  -2.1131747E+00   1.9496473E+00  -1.6671295E+00


 ------------------------
 Optimization Information
 ------------------------
 Since iqopt>1,   24 new q0 values and   48 new p0 values will be
 read from file 1st.chg

 Number of unique UNfrozen charge centers =     4
 Number of unique UNfrozen permanent dipoles =     4

 Non-linear optimization requested.
  qchnge =    1.0308381065E-01
  qchnge =    8.9490439029E-03
  qchnge =    1.0825660863E-03
  qchnge =    1.4774067056E-04
  qchnge =    2.0489144196E-05
  qchnge =    2.8481924041E-06
  qchnge =    3.9611278232E-07

 Convergence in    6 iterations

 -----------------------
 Fitting Results Summary
 -----------------------
 molecule 1: PLP_ideal_opt_esp   

          Point Charges Before & After Optimization
 atm.no   element.no   q(init)        q(opt)     ivary    d(rstr)/dq
    1         7       -0.199975     -0.199975     -1       0.004473
    2         6        0.250888      0.250888     -1       0.003703
    3         6       -1.134899     -1.059256      0       0.000940
    4         6        0.177097      0.177097     -1       0.004917
    5         8       -0.614047     -0.614047     -1       0.001607
    6         6       -0.028351     -0.028351     -1       0.009621
    7         6        0.912221      0.912221     -1       0.001090
    8         8       -0.562399     -0.562399     -1       0.001751
    9         6        0.343954      0.343954     -1       0.002792
   10         6       -0.155738     -0.155738     -1       0.005403
   11         6       -0.870881     -0.794033      0       0.001250
   12         8       -0.013376     -0.013376     -1       0.009912
   13        15       -0.774123     -0.774123     -1       0.001281
   14         8       -0.410781     -0.410781     -1       0.002365
   15         8       -0.410781     -0.410781     -1       0.002365
   16         8       -0.410781     -0.410781     -1       0.002365
   17         1        0.298370      0.270384      0       0.000000
   18         1        0.298374      0.270384     17       0.000000
   19         1        0.289979      0.270384     17       0.000000
   20         1        0.438332      0.438332     -1       0.000000
   21         1       -0.054387     -0.054387     -1       0.000000
   22         1       -0.141181     -0.141181     -1       0.000000
   23         1        0.386210      0.347783      0       0.000000
   24         1        0.386275      0.347783     23       0.000000

 Sum over the calculated charges:     -2.000

       Permanent Dipoles Before & After Optimization
 dip.no   element.no   p(init)        p(opt)     ivary    d(rstr)/dp
    1         7        0.605497      0.605497     -1       0.001629
    2         7        0.455012      0.455012     -1       0.002147
    3         6       -0.143528     -0.143528     -1       0.005717
    4         6        0.366857      0.366857     -1       0.002630
    5         6       -0.013575     -0.013575     -1       0.009909
    6         6       -0.046110     -0.046110     -1       0.009081
    7         6        0.014668      0.019346      0       0.009818
    8         6        0.014668      0.019346      7       0.009818
    9         6        0.014668      0.019346      7       0.009818
   10         6       -0.008763     -0.008763     -1       0.009962
   11         6        0.103647      0.103647     -1       0.006943
   12         6       -0.080626     -0.080626     -1       0.007785
   13         8        0.031883      0.031883     -1       0.009527
   14         8       -0.028115     -0.028115     -1       0.009627
   15         6        0.066902      0.066902     -1       0.008311
   16         6       -0.069034     -0.069034     -1       0.008230
   17         6        0.003334      0.003334     -1       0.009994
   18         6        0.145258      0.145258     -1       0.005671
   19         6       -0.317701     -0.317701     -1       0.003002
   20         6        0.015746      0.015746     -1       0.009878
   21         8        0.257983      0.257983     -1       0.003614
   22         6       -0.254643     -0.254643     -1       0.003655
   23         6        0.036919      0.036919     -1       0.009381
   24         6        0.069973      0.069973     -1       0.008193
   25         6       -0.008618     -0.008618     -1       0.009963
   26         6       -0.097888     -0.097888     -1       0.007146
   27         6        0.154693      0.154693     -1       0.005429
   28         6        0.174502      0.174502     -1       0.004972
   29         6       -0.053633     -0.053633     -1       0.008813
   30         6       -0.020902     -0.004617      0       0.009989
   31         6       -0.020902     -0.004617     30       0.009989
   32         8        0.142315      0.142315     -1       0.005749
   33         8        0.447227      0.447227     -1       0.002182
   34        15       -0.062644     -0.062644     -1       0.008474
   35        15        0.005434      0.005434     -1       0.009985
   36        15        0.005434      0.005434     -1       0.009985
   37        15        0.005434      0.005434     -1       0.009985
   38         8        0.312799      0.312799     -1       0.003045
   39         8        0.312799      0.312799     -1       0.003045
   40         8        0.312799      0.312799     -1       0.003045
   41         1        0.095344      0.078682      0       0.000000
   42         1        0.095344      0.078682     41       0.000000
   43         1        0.095344      0.078682     41       0.000000
   44         1       -0.266160     -0.266160     -1       0.000000
   45         1       -0.139913     -0.139913     -1       0.000000
   46         1       -0.188127     -0.188127     -1       0.000000
   47         1        0.160594      0.136184      0       0.000000
   48         1        0.160594      0.136184     47       0.000000

 --------------------------
 Fitting Statistics Summary
 --------------------------
 The initial sum of squares  (ssvpot = sum_i(espi**2))          3.6817989E+02
 The residual sum of squares (RSS = sum_i((espi-espclci)**2))   3.0728390E-02
 The root-mean-squared error (RMSE = sqrt(RSS/N))               1.9880152E-03
 The relative RMSE           (RRMSE = sqrt(RSS/ssvpot))         9.1356589E-03

 ---------------------------
 Molecular Multipole Summary
 ---------------------------
 Dipole Moments (Debye):
 #MOL         D          Dx         Dy         Dz
   1       25.35910   25.32411    1.33169   -0.00465

 Traceless Quadrupole Moments (Debye*Angst.):
 #MOL          X          Y          Z
   1    X  -86.77095
        Y   -6.16515   37.04459
        Z    0.00445    0.00086   49.72636

 Traceless Quadrupole Moments in Principal Axes (Debye*Angst.):
 #MOL          X          Y          Z
   1    X   49.72636
        Y    0.00000   37.35081
        Z    0.00000    0.00000  -87.07717